<?xml version="1.0" encoding="UTF-8"?>
<!-- Generated by org.testng.reporters.JUnitXMLReporter -->
<testsuite ignored="0" hostname="RAM" failures="0" tests="4" name="Default test" time="0.981" errors="0" timestamp="2022-01-25T19:38:41 EST">
  <testcase classname="testcases.SuiteA.CreateUser" name="createUser" time="0.0">
    <skipped/>
  </testcase> <!-- createUser -->
  <testcase classname="testcases.SuiteA.CreateUser" name="deleteUser" time="0.007"/>
  <testcase classname="testcases.SuiteA.CreateUser" name="deleteUser" time="0.003"/>
  <testcase classname="testcases.SuiteA.CreateUser" name="deleteUser" time="0.004"/>
</testsuite> <!-- Default test -->
