<?xml version="1.0" encoding="UTF-8"?>
<!-- Generated by org.testng.reporters.JUnitXMLReporter -->
<testsuite ignored="0" hostname="RAM" failures="0" tests="6" name="Create user Test" time="0.031" errors="0" timestamp="2021-12-26T22:31:17 EST">
  <testcase classname="testcases.SuiteA.CreateUser" name="createUser" time="0.001"/>
  <testcase classname="testcases.SuiteA.CreateUser" name="createUser" time="0.0"/>
  <testcase classname="testcases.SuiteA.CreateUser" name="createUser" time="0.001"/>
  <testcase classname="testcases.SuiteA.CreateUser" name="deleteUser" time="0.0"/>
  <testcase classname="testcases.SuiteA.CreateUser" name="deleteUser" time="0.001"/>
  <testcase classname="testcases.SuiteA.CreateUser" name="deleteUser" time="0.0"/>
</testsuite> <!-- Create user Test -->
