<?xml version="1.0" encoding="UTF-8"?>
<testsuite xmlns:xsi="http://www.w3.org/2001/XMLSchema-instance" xsi:noNamespaceSchemaLocation="https://maven.apache.org/surefire/maven-surefire-plugin/xsd/surefire-test-report-3.0.xsd" version="3.0" name="TestSuite" time="1.925" tests="13" errors="0" skipped="0" failures="2">
  <properties>
[...]
</properties>
  <testcase name="doLogin" classname="testcases.SuiteA.LoginTest" time="0.002">
    <system-out><![CDATA[[TestNG] [WARN] Ignoring duplicate listener : listener.myListener
[TestNG] [WARN] Ignoring duplicate listener : listener.myListener
--------@beforetest---------
------@before metho -------
Start
End
]]></system-out>
  </testcase>
  <testcase name="logout" classname="testcases.SuiteA.LoginTest" time="0.001">
    <system-out><![CDATA[---------@after Method--------
------@before metho -------
Logging Out
]]></system-out>
  </testcase>
  <testcase name="createUser[user1, pass1, abc@gmail.com, india](1)" classname="testcases.SuiteA.CreateUser" time="0.002">
    <system-out><![CDATA[---------@after Method--------
---------@aftertest---------
Method / Test  createUser
user1------pass1-----abc@gmail.com ----- india
]]></system-out>
  </testcase>
  <testcase name="createUser[user2, pass2, abcdef@gmail.com, canada](2)" classname="testcases.SuiteA.CreateUser" time="0.002">
    <system-out><![CDATA[user2------pass2-----abcdef@gmail.com ----- canada
]]></system-out>
  </testcase>
  <testcase name="createUser[user3, pass3, abcadasd@gmail.com, usa](3)" classname="testcases.SuiteA.CreateUser" time="0.002">
    <system-out><![CDATA[user3------pass3-----abcadasd@gmail.com ----- usa
]]></system-out>
  </testcase>
  <testcase name="deleteUser[duser1, dpass1, dabc@gmail.com, dindia](1)" classname="testcases.SuiteA.CreateUser" time="0.001">
    <system-out><![CDATA[Method / Test  deleteUser
duser1------dpass1-----dabc@gmail.com ----- dindia
]]></system-out>
  </testcase>
  <testcase name="deleteUser[duser2, dpass2, dabcdef@gmail.com, dcanada](2)" classname="testcases.SuiteA.CreateUser" time="0.001">
    <system-out><![CDATA[duser2------dpass2-----dabcdef@gmail.com ----- dcanada
]]></system-out>
  </testcase>
  <testcase name="deleteUser[duser3, dpass3, dabcadasd@gmail.com, dusa](3)" classname="testcases.SuiteA.CreateUser" time="0.001">
    <system-out><![CDATA[duser3------dpass3-----dabcadasd@gmail.com ----- dusa
]]></system-out>
  </testcase>
  <testcase name="Validate" classname="testcases.SuiteB.ValidateUser" time="0.016">
    <failure message="The following asserts failed:&#10;	expected [DF] but found [ABC],&#10;	expected [DEF] but found [ABC]" type="java.lang.AssertionError"><![CDATA[java.lang.AssertionError: 
The following asserts failed:
	expected [DF] but found [ABC],
	expected [DEF] but found [ABC]
	at testcases.SuiteB.ValidateUser.Validate(ValidateUser.java:18)
]]></failure>
  </testcase>
  <testcase name="makefaillist" classname="testcases.SuiteB.ValidateUser" time="0">
    <failure message="making a fail test" type="java.lang.AssertionError"><![CDATA[java.lang.AssertionError: making a fail test
	at testcases.SuiteB.ValidateUser.makefaillist(ValidateUser.java:24)
]]></failure>
    <system-out><![CDATA[Test Failed===AKAASH
Failed Methods :  Validate
2
a :   The following asserts failed:
	expected [DF] but found [ABC],
	expected [DEF] but found [ABC]
]]></system-out>
  </testcase>
  <testcase name="search[org.testng.TestRunner@60bd273d](1)" classname="testcases.SuiteB.SearchAndBuyPhone" time="0">
    <system-out><![CDATA[Test Failed===AKAASH
Failed Methods :  makefaillist
2
a :   making a fail test
Search a Phone
]]></system-out>
  </testcase>
  <testcase name="selectPhone[org.testng.TestRunner@60bd273d](1)" classname="testcases.SuiteB.SearchAndBuyPhone" time="0.001">
    <system-out><![CDATA[Selecting Phone
IPHONE14
]]></system-out>
  </testcase>
  <testcase name="checkout" classname="testcases.SuiteB.SearchAndBuyPhone" time="0.001">
    <system-out><![CDATA[Chckout
]]></system-out>
  </testcase>
</testsuite>