<?xml version="1.0" encoding="UTF-8"?>
<!-- Generated by org.testng.reporters.JUnitXMLReporter -->
<testsuite ignored="0" hostname="RAM" failures="0" tests="3" name="SearchandBuy Test" time="0.007" errors="0" timestamp="2021-12-26T22:31:18 EST">
  <testcase classname="testcases.SuiteB.SearchAndBuyPhone" name="search" time="0.0"/>
  <testcase classname="testcases.SuiteB.SearchAndBuyPhone" name="selectPhone" time="0.0"/>
  <testcase classname="testcases.SuiteB.SearchAndBuyPhone" name="checkout" time="0.0"/>
</testsuite> <!-- SearchandBuy Test -->
