<?xml version="1.0" encoding="UTF-8"?>
<!-- Generated by org.testng.reporters.JUnitXMLReporter -->
<testsuite ignored="0" hostname="RAM" failures="0" tests="4" name="Create user Test" time="1.344" errors="0" timestamp="2022-02-01T20:19:50 EST">
  <testcase classname="testcases.SuiteA.CreateUser" name="createUser" time="0.0">
    <skipped/>
  </testcase> <!-- createUser -->
  <testcase classname="testcases.SuiteA.CreateUser" name="deleteUser" time="0.007"/>
  <testcase classname="testcases.SuiteA.CreateUser" name="deleteUser" time="0.008"/>
  <testcase classname="testcases.SuiteA.CreateUser" name="deleteUser" time="0.004"/>
</testsuite> <!-- Create user Test -->
